2022/12/09 08:16:25 [emerg] 1#1: unexpected end of file, expecting "}" in /etc/nginx/conf.d/web.conf:24
2022/12/09 08:16:44 [emerg] 1#1: unexpected end of file, expecting "}" in /etc/nginx/conf.d/web.conf:24
2022/12/09 08:18:37 [emerg] 1#1: unexpected end of file, expecting "}" in /etc/nginx/conf.d/web.conf:24
2022/12/09 08:19:17 [emerg] 1#1: unexpected end of file, expecting "}" in /etc/nginx/conf.d/web.conf:24
2022/12/09 08:21:34 [notice] 1#1: using the "epoll" event method
2022/12/09 08:21:34 [notice] 1#1: nginx/1.23.2
2022/12/09 08:21:34 [notice] 1#1: built by gcc 10.2.1 20210110 (Debian 10.2.1-6) 
2022/12/09 08:21:34 [notice] 1#1: OS: Linux 5.10.16.3-microsoft-standard-WSL2
2022/12/09 08:21:34 [notice] 1#1: getrlimit(RLIMIT_NOFILE): 1048576:1048576
2022/12/09 08:21:34 [notice] 1#1: start worker processes
2022/12/09 08:21:34 [notice] 1#1: start worker process 20
2022/12/09 08:21:34 [notice] 1#1: start worker process 21
2022/12/09 08:21:34 [notice] 1#1: start worker process 22
2022/12/09 08:21:34 [notice] 1#1: start worker process 23
2022/12/09 08:21:34 [notice] 1#1: start worker process 24
2022/12/09 08:21:34 [notice] 1#1: start worker process 25
2022/12/09 08:24:12 [notice] 1#1: signal 3 (SIGQUIT) received, shutting down
2022/12/09 08:24:12 [notice] 20#20: gracefully shutting down
2022/12/09 08:24:12 [notice] 21#21: gracefully shutting down
2022/12/09 08:24:12 [notice] 22#22: gracefully shutting down
2022/12/09 08:24:12 [notice] 23#23: gracefully shutting down
2022/12/09 08:24:12 [notice] 24#24: gracefully shutting down
2022/12/09 08:24:12 [notice] 25#25: gracefully shutting down
2022/12/09 08:24:12 [notice] 20#20: exiting
2022/12/09 08:24:12 [notice] 21#21: exiting
2022/12/09 08:24:12 [notice] 22#22: exiting
2022/12/09 08:24:12 [notice] 23#23: exiting
2022/12/09 08:24:12 [notice] 24#24: exiting
2022/12/09 08:24:12 [notice] 25#25: exiting
2022/12/09 08:24:12 [notice] 20#20: exit
2022/12/09 08:24:12 [notice] 21#21: exit
2022/12/09 08:24:12 [notice] 22#22: exit
2022/12/09 08:24:12 [notice] 23#23: exit
2022/12/09 08:24:12 [notice] 24#24: exit
2022/12/09 08:24:12 [notice] 25#25: exit
2022/12/09 08:24:12 [notice] 1#1: signal 17 (SIGCHLD) received from 22
2022/12/09 08:24:12 [notice] 1#1: worker process 22 exited with code 0
2022/12/09 08:24:12 [notice] 1#1: worker process 23 exited with code 0
2022/12/09 08:24:12 [notice] 1#1: signal 29 (SIGIO) received
2022/12/09 08:24:12 [notice] 1#1: signal 17 (SIGCHLD) received from 21
2022/12/09 08:24:12 [notice] 1#1: worker process 21 exited with code 0
2022/12/09 08:24:12 [notice] 1#1: worker process 25 exited with code 0
2022/12/09 08:24:12 [notice] 1#1: signal 29 (SIGIO) received
2022/12/09 08:24:12 [notice] 1#1: signal 17 (SIGCHLD) received from 24
2022/12/09 08:24:12 [notice] 1#1: worker process 20 exited with code 0
2022/12/09 08:24:12 [notice] 1#1: worker process 24 exited with code 0
2022/12/09 08:24:12 [notice] 1#1: exit
2022/12/09 08:24:19 [emerg] 1#1: unexpected end of file, expecting "}" in /etc/nginx/conf.d/web.conf:25
2022/12/09 08:25:08 [emerg] 1#1: unexpected end of file, expecting "}" in /etc/nginx/conf.d/web.conf:25
2022/12/09 08:26:00 [emerg] 1#1: unexpected end of file, expecting "}" in /etc/nginx/conf.d/web.conf:25
2022/12/09 08:26:19 [notice] 1#1: using the "epoll" event method
2022/12/09 08:26:19 [notice] 1#1: nginx/1.23.2
2022/12/09 08:26:19 [notice] 1#1: built by gcc 10.2.1 20210110 (Debian 10.2.1-6) 
2022/12/09 08:26:19 [notice] 1#1: OS: Linux 5.10.16.3-microsoft-standard-WSL2
2022/12/09 08:26:19 [notice] 1#1: getrlimit(RLIMIT_NOFILE): 1048576:1048576
2022/12/09 08:26:19 [notice] 1#1: start worker processes
2022/12/09 08:26:19 [notice] 1#1: start worker process 20
2022/12/09 08:26:19 [notice] 1#1: start worker process 21
2022/12/09 08:26:19 [notice] 1#1: start worker process 22
2022/12/09 08:26:19 [notice] 1#1: start worker process 23
2022/12/09 08:26:19 [notice] 1#1: start worker process 24
2022/12/09 08:26:19 [notice] 1#1: start worker process 25
2022/12/09 08:26:30 [error] 20#20: *1 open() "/home/app/web/staticfiles/css/nav-bar.css" failed (2: No such file or directory), client: 172.18.0.1, server: , request: "GET /static/css/nav-bar.css HTTP/1.1", host: "localhost:81", referrer: "http://localhost:81/home/"
2022/12/09 08:26:31 [error] 20#20: *1 open() "/home/app/web/staticfiles/images/Background-Narrow.jpg" failed (2: No such file or directory), client: 172.18.0.1, server: , request: "GET /static/images/Background-Narrow.jpg HTTP/1.1", host: "localhost:81", referrer: "http://localhost:81/profile/sign-in/"
2022/12/09 08:26:33 [error] 20#20: *1 open() "/home/app/web/staticfiles/images/Background-Narrow.jpg" failed (2: No such file or directory), client: 172.18.0.1, server: , request: "GET /static/images/Background-Narrow.jpg HTTP/1.1", host: "localhost:81", referrer: "http://localhost:81/profile/sign-up/"
2022/12/09 08:26:36 [error] 20#20: *1 open() "/home/app/web/staticfiles/images/Background-Narrow.jpg" failed (2: No such file or directory), client: 172.18.0.1, server: , request: "GET /static/images/Background-Narrow.jpg HTTP/1.1", host: "localhost:81", referrer: "http://localhost:81/profile/sign-in/"
2022/12/09 08:27:43 [notice] 1#1: signal 3 (SIGQUIT) received, shutting down
2022/12/09 08:27:43 [notice] 20#20: gracefully shutting down
2022/12/09 08:27:43 [notice] 21#21: gracefully shutting down
2022/12/09 08:27:43 [notice] 22#22: gracefully shutting down
2022/12/09 08:27:43 [notice] 24#24: gracefully shutting down
2022/12/09 08:27:43 [notice] 23#23: gracefully shutting down
2022/12/09 08:27:43 [notice] 23#23: exiting
2022/12/09 08:27:43 [notice] 25#25: gracefully shutting down
2022/12/09 08:27:43 [notice] 20#20: exiting
2022/12/09 08:27:43 [notice] 21#21: exiting
2022/12/09 08:27:43 [notice] 22#22: exiting
2022/12/09 08:27:43 [notice] 24#24: exiting
2022/12/09 08:27:43 [notice] 23#23: exit
2022/12/09 08:27:43 [notice] 25#25: exiting
2022/12/09 08:27:43 [notice] 20#20: exit
2022/12/09 08:27:43 [notice] 21#21: exit
2022/12/09 08:27:43 [notice] 22#22: exit
2022/12/09 08:27:43 [notice] 24#24: exit
2022/12/09 08:27:43 [notice] 25#25: exit
2022/12/09 08:27:43 [notice] 1#1: signal 17 (SIGCHLD) received from 21
2022/12/09 08:27:43 [notice] 1#1: worker process 20 exited with code 0
2022/12/09 08:27:43 [notice] 1#1: worker process 21 exited with code 0
2022/12/09 08:27:43 [notice] 1#1: worker process 22 exited with code 0
2022/12/09 08:27:43 [notice] 1#1: worker process 23 exited with code 0
2022/12/09 08:27:43 [notice] 1#1: worker process 25 exited with code 0
2022/12/09 08:27:43 [notice] 1#1: signal 29 (SIGIO) received
2022/12/09 08:27:43 [notice] 1#1: signal 17 (SIGCHLD) received from 25
2022/12/09 08:27:43 [notice] 1#1: signal 17 (SIGCHLD) received from 24
2022/12/09 08:27:43 [notice] 1#1: worker process 24 exited with code 0
2022/12/09 08:27:43 [notice] 1#1: exit
2022/12/09 08:27:45 [notice] 1#1: using the "epoll" event method
2022/12/09 08:27:45 [notice] 1#1: nginx/1.23.2
2022/12/09 08:27:45 [notice] 1#1: built by gcc 10.2.1 20210110 (Debian 10.2.1-6) 
2022/12/09 08:27:45 [notice] 1#1: OS: Linux 5.10.16.3-microsoft-standard-WSL2
2022/12/09 08:27:45 [notice] 1#1: getrlimit(RLIMIT_NOFILE): 1048576:1048576
2022/12/09 08:27:45 [notice] 1#1: start worker processes
2022/12/09 08:27:45 [notice] 1#1: start worker process 20
2022/12/09 08:27:45 [notice] 1#1: start worker process 21
2022/12/09 08:27:45 [notice] 1#1: start worker process 22
2022/12/09 08:27:45 [notice] 1#1: start worker process 23
2022/12/09 08:27:45 [notice] 1#1: start worker process 24
2022/12/09 08:27:45 [notice] 1#1: start worker process 25
2022/12/09 08:27:49 [error] 20#20: *1 open() "/home/app/web/staticfiles/css/nav-bar.css" failed (2: No such file or directory), client: 172.18.0.1, server: , request: "GET /static/css/nav-bar.css HTTP/1.1", host: "localhost:81", referrer: "http://localhost:81/home/"
2022/12/09 08:27:50 [error] 20#20: *1 open() "/home/app/web/staticfiles/images/Background-Narrow.jpg" failed (2: No such file or directory), client: 172.18.0.1, server: , request: "GET /static/images/Background-Narrow.jpg HTTP/1.1", host: "localhost:81", referrer: "http://localhost:81/profile/sign-up/"
2022/12/09 08:27:53 [error] 20#20: *1 open() "/home/app/web/staticfiles/css/nav-bar.css" failed (2: No such file or directory), client: 172.18.0.1, server: , request: "GET /static/css/nav-bar.css HTTP/1.1", host: "localhost:81", referrer: "http://localhost:81/home/"
2022/12/09 08:27:55 [error] 20#20: *1 open() "/home/app/web/staticfiles/images/Background-Narrow.jpg" failed (2: No such file or directory), client: 172.18.0.1, server: , request: "GET /static/images/Background-Narrow.jpg HTTP/1.1", host: "localhost:81", referrer: "http://localhost:81/profile/sign-in/"
2022/12/09 08:29:14 [notice] 1#1: signal 3 (SIGQUIT) received, shutting down
2022/12/09 08:29:14 [notice] 20#20: gracefully shutting down
2022/12/09 08:29:14 [notice] 21#21: gracefully shutting down
2022/12/09 08:29:14 [notice] 22#22: gracefully shutting down
2022/12/09 08:29:14 [notice] 23#23: gracefully shutting down
2022/12/09 08:29:14 [notice] 24#24: gracefully shutting down
2022/12/09 08:29:14 [notice] 25#25: gracefully shutting down
2022/12/09 08:29:14 [notice] 20#20: exiting
2022/12/09 08:29:14 [notice] 21#21: exiting
2022/12/09 08:29:14 [notice] 22#22: exiting
2022/12/09 08:29:14 [notice] 23#23: exiting
2022/12/09 08:29:14 [notice] 24#24: exiting
2022/12/09 08:29:14 [notice] 25#25: exiting
2022/12/09 08:29:14 [notice] 20#20: exit
2022/12/09 08:29:14 [notice] 21#21: exit
2022/12/09 08:29:14 [notice] 22#22: exit
2022/12/09 08:29:14 [notice] 23#23: exit
2022/12/09 08:29:14 [notice] 24#24: exit
2022/12/09 08:29:14 [notice] 25#25: exit
2022/12/09 08:29:14 [notice] 1#1: signal 17 (SIGCHLD) received from 23
2022/12/09 08:29:14 [notice] 1#1: worker process 20 exited with code 0
2022/12/09 08:29:14 [notice] 1#1: worker process 21 exited with code 0
2022/12/09 08:29:14 [notice] 1#1: worker process 22 exited with code 0
2022/12/09 08:29:14 [notice] 1#1: worker process 23 exited with code 0
2022/12/09 08:29:14 [notice] 1#1: worker process 24 exited with code 0
2022/12/09 08:29:14 [notice] 1#1: worker process 25 exited with code 0
2022/12/09 08:29:14 [notice] 1#1: exit
2022/12/09 08:29:17 [notice] 1#1: using the "epoll" event method
2022/12/09 08:29:17 [notice] 1#1: nginx/1.23.2
2022/12/09 08:29:17 [notice] 1#1: built by gcc 10.2.1 20210110 (Debian 10.2.1-6) 
2022/12/09 08:29:17 [notice] 1#1: OS: Linux 5.10.16.3-microsoft-standard-WSL2
2022/12/09 08:29:17 [notice] 1#1: getrlimit(RLIMIT_NOFILE): 1048576:1048576
2022/12/09 08:29:17 [notice] 1#1: start worker processes
2022/12/09 08:29:17 [notice] 1#1: start worker process 20
2022/12/09 08:29:17 [notice] 1#1: start worker process 21
2022/12/09 08:29:17 [notice] 1#1: start worker process 22
2022/12/09 08:29:17 [notice] 1#1: start worker process 23
2022/12/09 08:29:17 [notice] 1#1: start worker process 24
2022/12/09 08:29:17 [notice] 1#1: start worker process 25
2022/12/09 08:29:18 [error] 20#20: *1 open() "/home/app/web/staticfiles/css/nav-bar.css" failed (2: No such file or directory), client: 172.18.0.1, server: , request: "GET /static/css/nav-bar.css HTTP/1.1", host: "localhost:81", referrer: "http://localhost:81/home/"
2022/12/09 08:29:19 [error] 20#20: *1 open() "/home/app/web/staticfiles/images/Background-Narrow.jpg" failed (2: No such file or directory), client: 172.18.0.1, server: , request: "GET /static/images/Background-Narrow.jpg HTTP/1.1", host: "localhost:81", referrer: "http://localhost:81/profile/sign-in/"
2022/12/09 08:29:20 [error] 20#20: *1 open() "/home/app/web/staticfiles/images/Background-Narrow.jpg" failed (2: No such file or directory), client: 172.18.0.1, server: , request: "GET /static/images/Background-Narrow.jpg HTTP/1.1", host: "localhost:81", referrer: "http://localhost:81/profile/sign-in/"
2022/12/09 08:29:21 [error] 20#20: *1 open() "/home/app/web/staticfiles/images/Background-Narrow.jpg" failed (2: No such file or directory), client: 172.18.0.1, server: , request: "GET /static/images/Background-Narrow.jpg HTTP/1.1", host: "localhost:81", referrer: "http://localhost:81/profile/sign-in/"
2022/12/09 08:29:38 [error] 20#20: *1 open() "/home/app/web/staticfiles/css/nav-bar.css" failed (2: No such file or directory), client: 172.18.0.1, server: , request: "GET /static/css/nav-bar.css HTTP/1.1", host: "localhost:81", referrer: "http://localhost:81/home/"
2022/12/09 08:29:40 [error] 20#20: *1 open() "/home/app/web/staticfiles/images/Background-Narrow.jpg" failed (2: No such file or directory), client: 172.18.0.1, server: , request: "GET /static/images/Background-Narrow.jpg HTTP/1.1", host: "localhost:81", referrer: "http://localhost:81/profile/sign-in/"
2022/12/09 08:29:42 [error] 20#20: *1 open() "/home/app/web/staticfiles/images/Background-Narrow.jpg" failed (2: No such file or directory), client: 172.18.0.1, server: , request: "GET /static/images/Background-Narrow.jpg HTTP/1.1", host: "localhost:81", referrer: "http://localhost:81/profile/sign-in/"
2022/12/09 08:29:43 [error] 20#20: *1 open() "/home/app/web/staticfiles/images/Background-Narrow.jpg" failed (2: No such file or directory), client: 172.18.0.1, server: , request: "GET /static/images/Background-Narrow.jpg HTTP/1.1", host: "localhost:81", referrer: "http://localhost:81/profile/sign-up/"
2022/12/09 09:04:31 [notice] 1#1: signal 3 (SIGQUIT) received, shutting down
2022/12/09 09:04:31 [notice] 20#20: gracefully shutting down
2022/12/09 09:04:31 [notice] 21#21: gracefully shutting down
2022/12/09 09:04:31 [notice] 22#22: gracefully shutting down
2022/12/09 09:04:31 [notice] 23#23: gracefully shutting down
2022/12/09 09:04:31 [notice] 23#23: exiting
2022/12/09 09:04:31 [notice] 24#24: gracefully shutting down
2022/12/09 09:04:31 [notice] 25#25: gracefully shutting down
2022/12/09 09:04:31 [notice] 20#20: exiting
2022/12/09 09:04:31 [notice] 21#21: exiting
2022/12/09 09:04:31 [notice] 22#22: exiting
2022/12/09 09:04:31 [notice] 23#23: exit
2022/12/09 09:04:31 [notice] 24#24: exiting
2022/12/09 09:04:31 [notice] 25#25: exiting
2022/12/09 09:04:31 [notice] 20#20: exit
2022/12/09 09:04:31 [notice] 21#21: exit
2022/12/09 09:04:31 [notice] 22#22: exit
2022/12/09 09:04:31 [notice] 24#24: exit
2022/12/09 09:04:31 [notice] 25#25: exit
2022/12/09 09:04:31 [notice] 1#1: signal 17 (SIGCHLD) received from 23
2022/12/09 09:04:31 [notice] 1#1: worker process 21 exited with code 0
2022/12/09 09:04:31 [notice] 1#1: worker process 23 exited with code 0
2022/12/09 09:04:31 [notice] 1#1: worker process 24 exited with code 0
2022/12/09 09:04:31 [notice] 1#1: signal 29 (SIGIO) received
2022/12/09 09:04:31 [notice] 1#1: signal 17 (SIGCHLD) received from 21
2022/12/09 09:04:31 [notice] 1#1: signal 17 (SIGCHLD) received from 22
2022/12/09 09:04:31 [notice] 1#1: worker process 22 exited with code 0
2022/12/09 09:04:31 [notice] 1#1: signal 29 (SIGIO) received
2022/12/09 09:04:31 [notice] 1#1: signal 17 (SIGCHLD) received from 20
2022/12/09 09:04:31 [notice] 1#1: worker process 20 exited with code 0
2022/12/09 09:04:31 [notice] 1#1: signal 29 (SIGIO) received
2022/12/09 09:04:31 [notice] 1#1: signal 17 (SIGCHLD) received from 25
2022/12/09 09:04:31 [notice] 1#1: worker process 25 exited with code 0
2022/12/09 09:04:31 [notice] 1#1: exit
2022/12/09 09:04:35 [notice] 1#1: using the "epoll" event method
2022/12/09 09:04:35 [notice] 1#1: nginx/1.23.2
2022/12/09 09:04:35 [notice] 1#1: built by gcc 10.2.1 20210110 (Debian 10.2.1-6) 
2022/12/09 09:04:35 [notice] 1#1: OS: Linux 5.10.16.3-microsoft-standard-WSL2
2022/12/09 09:04:35 [notice] 1#1: getrlimit(RLIMIT_NOFILE): 1048576:1048576
2022/12/09 09:04:35 [notice] 1#1: start worker processes
2022/12/09 09:04:35 [notice] 1#1: start worker process 20
2022/12/09 09:04:35 [notice] 1#1: start worker process 21
2022/12/09 09:04:35 [notice] 1#1: start worker process 22
2022/12/09 09:04:35 [notice] 1#1: start worker process 23
2022/12/09 09:04:35 [notice] 1#1: start worker process 24
2022/12/09 09:04:35 [notice] 1#1: start worker process 25
2022/12/09 09:04:48 [error] 20#20: *2 open() "/home/app/web/staticfiles/css/nav-bar.css" failed (2: No such file or directory), client: 172.18.0.1, server: , request: "GET /static/css/nav-bar.css HTTP/1.1", host: "localhost:81", referrer: "http://localhost:81/home/"
2022/12/09 09:04:50 [error] 20#20: *2 open() "/home/app/web/staticfiles/css/nav-bar.css" failed (2: No such file or directory), client: 172.18.0.1, server: , request: "GET /static/css/nav-bar.css HTTP/1.1", host: "localhost:81", referrer: "http://localhost:81/home/"
2022/12/09 09:04:51 [error] 20#20: *2 open() "/home/app/web/staticfiles/images/Background-Narrow.jpg" failed (2: No such file or directory), client: 172.18.0.1, server: , request: "GET /static/images/Background-Narrow.jpg HTTP/1.1", host: "localhost:81", referrer: "http://localhost:81/profile/sign-up/"
2022/12/09 09:04:54 [error] 20#20: *2 open() "/home/app/web/staticfiles/images/Background-Narrow.jpg" failed (2: No such file or directory), client: 172.18.0.1, server: , request: "GET /static/images/Background-Narrow.jpg HTTP/1.1", host: "localhost:81", referrer: "http://localhost:81/profile/sign-in/"
2022/12/09 09:04:57 [error] 20#20: *2 open() "/home/app/web/staticfiles/images/Background-Narrow.jpg" failed (2: No such file or directory), client: 172.18.0.1, server: , request: "GET /static/images/Background-Narrow.jpg HTTP/1.1", host: "localhost:81", referrer: "http://localhost:81/profile/sign-up/"
2022/12/09 09:09:04 [notice] 1#1: signal 3 (SIGQUIT) received, shutting down
2022/12/09 09:09:04 [notice] 20#20: gracefully shutting down
2022/12/09 09:09:04 [notice] 21#21: gracefully shutting down
2022/12/09 09:09:04 [notice] 22#22: gracefully shutting down
2022/12/09 09:09:04 [notice] 23#23: gracefully shutting down
2022/12/09 09:09:04 [notice] 25#25: gracefully shutting down
2022/12/09 09:09:04 [notice] 24#24: gracefully shutting down
2022/12/09 09:09:04 [notice] 20#20: exiting
2022/12/09 09:09:04 [notice] 21#21: exiting
2022/12/09 09:09:04 [notice] 22#22: exiting
2022/12/09 09:09:04 [notice] 23#23: exiting
2022/12/09 09:09:04 [notice] 25#25: exiting
2022/12/09 09:09:04 [notice] 24#24: exiting
2022/12/09 09:09:04 [notice] 20#20: exit
2022/12/09 09:09:04 [notice] 21#21: exit
2022/12/09 09:09:04 [notice] 22#22: exit
2022/12/09 09:09:04 [notice] 23#23: exit
2022/12/09 09:09:04 [notice] 25#25: exit
2022/12/09 09:09:04 [notice] 24#24: exit
2022/12/09 09:09:04 [notice] 1#1: signal 17 (SIGCHLD) received from 23
2022/12/09 09:09:04 [notice] 1#1: worker process 20 exited with code 0
2022/12/09 09:09:04 [notice] 1#1: worker process 21 exited with code 0
2022/12/09 09:09:04 [notice] 1#1: worker process 22 exited with code 0
2022/12/09 09:09:04 [notice] 1#1: worker process 23 exited with code 0
2022/12/09 09:09:04 [notice] 1#1: worker process 24 exited with code 0
2022/12/09 09:09:04 [notice] 1#1: signal 29 (SIGIO) received
2022/12/09 09:09:04 [notice] 1#1: signal 17 (SIGCHLD) received from 22
2022/12/09 09:09:04 [notice] 1#1: signal 17 (SIGCHLD) received from 25
2022/12/09 09:09:04 [notice] 1#1: worker process 25 exited with code 0
2022/12/09 09:09:04 [notice] 1#1: exit
2022/12/09 09:15:46 [notice] 1#1: using the "epoll" event method
2022/12/09 09:15:46 [notice] 1#1: nginx/1.23.2
2022/12/09 09:15:46 [notice] 1#1: built by gcc 10.2.1 20210110 (Debian 10.2.1-6) 
2022/12/09 09:15:46 [notice] 1#1: OS: Linux 5.10.16.3-microsoft-standard-WSL2
2022/12/09 09:15:46 [notice] 1#1: getrlimit(RLIMIT_NOFILE): 1048576:1048576
2022/12/09 09:15:46 [notice] 1#1: start worker processes
2022/12/09 09:15:46 [notice] 1#1: start worker process 20
2022/12/09 09:15:46 [notice] 1#1: start worker process 21
2022/12/09 09:15:46 [notice] 1#1: start worker process 22
2022/12/09 09:15:46 [notice] 1#1: start worker process 23
2022/12/09 09:15:46 [notice] 1#1: start worker process 24
2022/12/09 09:15:46 [notice] 1#1: start worker process 25
2022/12/09 09:18:04 [notice] 1#1: signal 3 (SIGQUIT) received, shutting down
2022/12/09 09:18:04 [notice] 20#20: gracefully shutting down
2022/12/09 09:18:04 [notice] 21#21: gracefully shutting down
2022/12/09 09:18:04 [notice] 22#22: gracefully shutting down
2022/12/09 09:18:04 [notice] 23#23: gracefully shutting down
2022/12/09 09:18:04 [notice] 23#23: exiting
2022/12/09 09:18:04 [notice] 24#24: gracefully shutting down
2022/12/09 09:18:04 [notice] 25#25: gracefully shutting down
2022/12/09 09:18:04 [notice] 20#20: exiting
2022/12/09 09:18:04 [notice] 21#21: exiting
2022/12/09 09:18:04 [notice] 22#22: exiting
2022/12/09 09:18:04 [notice] 23#23: exit
2022/12/09 09:18:04 [notice] 24#24: exiting
2022/12/09 09:18:04 [notice] 25#25: exiting
2022/12/09 09:18:04 [notice] 20#20: exit
2022/12/09 09:18:04 [notice] 21#21: exit
2022/12/09 09:18:04 [notice] 22#22: exit
2022/12/09 09:18:04 [notice] 24#24: exit
2022/12/09 09:18:04 [notice] 25#25: exit
2022/12/09 09:18:05 [notice] 1#1: signal 17 (SIGCHLD) received from 20
2022/12/09 09:18:05 [notice] 1#1: worker process 20 exited with code 0
2022/12/09 09:18:05 [notice] 1#1: worker process 23 exited with code 0
2022/12/09 09:18:05 [notice] 1#1: worker process 24 exited with code 0
2022/12/09 09:18:05 [notice] 1#1: signal 29 (SIGIO) received
2022/12/09 09:18:05 [notice] 1#1: signal 17 (SIGCHLD) received from 21
2022/12/09 09:18:05 [notice] 1#1: worker process 21 exited with code 0
2022/12/09 09:18:05 [notice] 1#1: worker process 25 exited with code 0
2022/12/09 09:18:05 [notice] 1#1: signal 29 (SIGIO) received
2022/12/09 09:18:05 [notice] 1#1: signal 17 (SIGCHLD) received from 25
2022/12/09 09:18:05 [notice] 1#1: signal 17 (SIGCHLD) received from 22
2022/12/09 09:18:05 [notice] 1#1: worker process 22 exited with code 0
2022/12/09 09:18:05 [notice] 1#1: exit
2022/12/09 09:18:08 [notice] 1#1: using the "epoll" event method
2022/12/09 09:18:08 [notice] 1#1: nginx/1.23.2
2022/12/09 09:18:08 [notice] 1#1: built by gcc 10.2.1 20210110 (Debian 10.2.1-6) 
2022/12/09 09:18:08 [notice] 1#1: OS: Linux 5.10.16.3-microsoft-standard-WSL2
2022/12/09 09:18:08 [notice] 1#1: getrlimit(RLIMIT_NOFILE): 1048576:1048576
2022/12/09 09:18:08 [notice] 1#1: start worker processes
2022/12/09 09:18:08 [notice] 1#1: start worker process 20
2022/12/09 09:18:08 [notice] 1#1: start worker process 21
2022/12/09 09:18:08 [notice] 1#1: start worker process 22
2022/12/09 09:18:08 [notice] 1#1: start worker process 23
2022/12/09 09:18:08 [notice] 1#1: start worker process 24
2022/12/09 09:18:08 [notice] 1#1: start worker process 25
2022/12/09 09:18:53 [notice] 1#1: signal 3 (SIGQUIT) received, shutting down
2022/12/09 09:18:53 [notice] 20#20: gracefully shutting down
2022/12/09 09:18:53 [notice] 21#21: gracefully shutting down
2022/12/09 09:18:53 [notice] 22#22: gracefully shutting down
2022/12/09 09:18:53 [notice] 23#23: gracefully shutting down
2022/12/09 09:18:53 [notice] 24#24: gracefully shutting down
2022/12/09 09:18:53 [notice] 25#25: gracefully shutting down
2022/12/09 09:18:53 [notice] 20#20: exiting
2022/12/09 09:18:53 [notice] 21#21: exiting
2022/12/09 09:18:53 [notice] 22#22: exiting
2022/12/09 09:18:53 [notice] 23#23: exiting
2022/12/09 09:18:53 [notice] 24#24: exiting
2022/12/09 09:18:53 [notice] 25#25: exiting
2022/12/09 09:18:53 [notice] 20#20: exit
2022/12/09 09:18:53 [notice] 21#21: exit
2022/12/09 09:18:53 [notice] 22#22: exit
2022/12/09 09:18:53 [notice] 23#23: exit
2022/12/09 09:18:53 [notice] 24#24: exit
2022/12/09 09:18:53 [notice] 25#25: exit
2022/12/09 09:18:54 [notice] 1#1: signal 17 (SIGCHLD) received from 20
2022/12/09 09:18:54 [notice] 1#1: worker process 20 exited with code 0
2022/12/09 09:18:54 [notice] 1#1: signal 29 (SIGIO) received
2022/12/09 09:18:54 [notice] 1#1: signal 17 (SIGCHLD) received from 24
2022/12/09 09:18:54 [notice] 1#1: worker process 21 exited with code 0
2022/12/09 09:18:54 [notice] 1#1: worker process 23 exited with code 0
2022/12/09 09:18:54 [notice] 1#1: worker process 24 exited with code 0
2022/12/09 09:18:54 [notice] 1#1: signal 29 (SIGIO) received
2022/12/09 09:18:54 [notice] 1#1: signal 17 (SIGCHLD) received from 25
2022/12/09 09:18:54 [notice] 1#1: worker process 22 exited with code 0
2022/12/09 09:18:54 [notice] 1#1: worker process 25 exited with code 0
2022/12/09 09:18:54 [notice] 1#1: exit
2022/12/09 09:18:57 [notice] 1#1: using the "epoll" event method
2022/12/09 09:18:57 [notice] 1#1: nginx/1.23.2
2022/12/09 09:18:57 [notice] 1#1: built by gcc 10.2.1 20210110 (Debian 10.2.1-6) 
2022/12/09 09:18:57 [notice] 1#1: OS: Linux 5.10.16.3-microsoft-standard-WSL2
2022/12/09 09:18:57 [notice] 1#1: getrlimit(RLIMIT_NOFILE): 1048576:1048576
2022/12/09 09:18:57 [notice] 1#1: start worker processes
2022/12/09 09:18:57 [notice] 1#1: start worker process 20
2022/12/09 09:18:57 [notice] 1#1: start worker process 21
2022/12/09 09:18:57 [notice] 1#1: start worker process 22
2022/12/09 09:18:57 [notice] 1#1: start worker process 23
2022/12/09 09:18:57 [notice] 1#1: start worker process 24
2022/12/09 09:18:57 [notice] 1#1: start worker process 25
2022/12/09 09:19:28 [notice] 1#1: signal 3 (SIGQUIT) received, shutting down
2022/12/09 09:19:28 [notice] 20#20: gracefully shutting down
2022/12/09 09:19:28 [notice] 21#21: gracefully shutting down
2022/12/09 09:19:28 [notice] 22#22: gracefully shutting down
2022/12/09 09:19:28 [notice] 25#25: gracefully shutting down
2022/12/09 09:19:28 [notice] 24#24: gracefully shutting down
2022/12/09 09:19:28 [notice] 23#23: gracefully shutting down
2022/12/09 09:19:28 [notice] 20#20: exiting
2022/12/09 09:19:28 [notice] 21#21: exiting
2022/12/09 09:19:28 [notice] 22#22: exiting
2022/12/09 09:19:28 [notice] 25#25: exiting
2022/12/09 09:19:28 [notice] 24#24: exiting
2022/12/09 09:19:28 [notice] 23#23: exiting
2022/12/09 09:19:28 [notice] 20#20: exit
2022/12/09 09:19:28 [notice] 21#21: exit
2022/12/09 09:19:28 [notice] 22#22: exit
2022/12/09 09:19:28 [notice] 25#25: exit
2022/12/09 09:19:28 [notice] 24#24: exit
2022/12/09 09:19:28 [notice] 23#23: exit
2022/12/09 09:19:28 [notice] 1#1: signal 17 (SIGCHLD) received from 24
2022/12/09 09:19:28 [notice] 1#1: worker process 21 exited with code 0
2022/12/09 09:19:28 [notice] 1#1: worker process 22 exited with code 0
2022/12/09 09:19:28 [notice] 1#1: worker process 23 exited with code 0
2022/12/09 09:19:28 [notice] 1#1: worker process 24 exited with code 0
2022/12/09 09:19:28 [notice] 1#1: worker process 25 exited with code 0
2022/12/09 09:19:28 [notice] 1#1: signal 29 (SIGIO) received
2022/12/09 09:19:28 [notice] 1#1: signal 17 (SIGCHLD) received from 22
2022/12/09 09:19:28 [notice] 1#1: signal 17 (SIGCHLD) received from 20
2022/12/09 09:19:28 [notice] 1#1: worker process 20 exited with code 0
2022/12/09 09:19:28 [notice] 1#1: exit
2022/12/09 09:19:32 [notice] 1#1: using the "epoll" event method
2022/12/09 09:19:32 [notice] 1#1: nginx/1.23.2
2022/12/09 09:19:32 [notice] 1#1: built by gcc 10.2.1 20210110 (Debian 10.2.1-6) 
2022/12/09 09:19:32 [notice] 1#1: OS: Linux 5.10.16.3-microsoft-standard-WSL2
2022/12/09 09:19:32 [notice] 1#1: getrlimit(RLIMIT_NOFILE): 1048576:1048576
2022/12/09 09:19:32 [notice] 1#1: start worker processes
2022/12/09 09:19:32 [notice] 1#1: start worker process 20
2022/12/09 09:19:32 [notice] 1#1: start worker process 21
2022/12/09 09:19:32 [notice] 1#1: start worker process 22
2022/12/09 09:19:32 [notice] 1#1: start worker process 23
2022/12/09 09:19:32 [notice] 1#1: start worker process 24
2022/12/09 09:19:32 [notice] 1#1: start worker process 25
2022/12/09 09:22:18 [notice] 1#1: signal 3 (SIGQUIT) received, shutting down
2022/12/09 09:22:18 [notice] 21#21: gracefully shutting down
2022/12/09 09:22:18 [notice] 23#23: gracefully shutting down
2022/12/09 09:22:18 [notice] 24#24: gracefully shutting down
2022/12/09 09:22:18 [notice] 24#24: exiting
2022/12/09 09:22:18 [notice] 25#25: gracefully shutting down
2022/12/09 09:22:18 [notice] 24#24: exit
2022/12/09 09:22:18 [notice] 22#22: gracefully shutting down
2022/12/09 09:22:18 [notice] 20#20: gracefully shutting down
2022/12/09 09:22:18 [notice] 21#21: exiting
2022/12/09 09:22:18 [notice] 23#23: exiting
2022/12/09 09:22:18 [notice] 25#25: exiting
2022/12/09 09:22:18 [notice] 22#22: exiting
2022/12/09 09:22:18 [notice] 20#20: exiting
2022/12/09 09:22:18 [notice] 21#21: exit
2022/12/09 09:22:18 [notice] 23#23: exit
2022/12/09 09:22:18 [notice] 25#25: exit
2022/12/09 09:22:18 [notice] 22#22: exit
2022/12/09 09:22:18 [notice] 20#20: exit
2022/12/09 09:22:18 [notice] 1#1: signal 17 (SIGCHLD) received from 23
2022/12/09 09:22:18 [notice] 1#1: worker process 20 exited with code 0
2022/12/09 09:22:18 [notice] 1#1: worker process 21 exited with code 0
2022/12/09 09:22:18 [notice] 1#1: worker process 23 exited with code 0
2022/12/09 09:22:18 [notice] 1#1: worker process 24 exited with code 0
2022/12/09 09:22:18 [notice] 1#1: worker process 25 exited with code 0
2022/12/09 09:22:18 [notice] 1#1: signal 29 (SIGIO) received
2022/12/09 09:22:18 [notice] 1#1: signal 17 (SIGCHLD) received from 22
2022/12/09 09:22:18 [notice] 1#1: worker process 22 exited with code 0
2022/12/09 09:22:18 [notice] 1#1: exit
2022/12/09 09:22:22 [notice] 1#1: using the "epoll" event method
2022/12/09 09:22:22 [notice] 1#1: nginx/1.23.2
2022/12/09 09:22:22 [notice] 1#1: built by gcc 10.2.1 20210110 (Debian 10.2.1-6) 
2022/12/09 09:22:22 [notice] 1#1: OS: Linux 5.10.16.3-microsoft-standard-WSL2
2022/12/09 09:22:22 [notice] 1#1: getrlimit(RLIMIT_NOFILE): 1048576:1048576
2022/12/09 09:22:22 [notice] 1#1: start worker processes
2022/12/09 09:22:22 [notice] 1#1: start worker process 20
2022/12/09 09:22:22 [notice] 1#1: start worker process 21
2022/12/09 09:22:22 [notice] 1#1: start worker process 22
2022/12/09 09:22:22 [notice] 1#1: start worker process 23
2022/12/09 09:22:22 [notice] 1#1: start worker process 24
2022/12/09 09:22:22 [notice] 1#1: start worker process 25
2022/12/09 09:23:11 [notice] 1#1: signal 3 (SIGQUIT) received, shutting down
2022/12/09 09:23:11 [notice] 20#20: gracefully shutting down
2022/12/09 09:23:11 [notice] 22#22: gracefully shutting down
2022/12/09 09:23:11 [notice] 23#23: gracefully shutting down
2022/12/09 09:23:11 [notice] 24#24: gracefully shutting down
2022/12/09 09:23:11 [notice] 21#21: gracefully shutting down
2022/12/09 09:23:11 [notice] 25#25: gracefully shutting down
2022/12/09 09:23:11 [notice] 20#20: exiting
2022/12/09 09:23:11 [notice] 22#22: exiting
2022/12/09 09:23:11 [notice] 23#23: exiting
2022/12/09 09:23:11 [notice] 23#23: exit
2022/12/09 09:23:11 [notice] 24#24: exiting
2022/12/09 09:23:11 [notice] 21#21: exiting
2022/12/09 09:23:11 [notice] 25#25: exiting
2022/12/09 09:23:11 [notice] 20#20: exit
2022/12/09 09:23:11 [notice] 22#22: exit
2022/12/09 09:23:11 [notice] 24#24: exit
2022/12/09 09:23:11 [notice] 21#21: exit
2022/12/09 09:23:11 [notice] 25#25: exit
2022/12/09 09:23:11 [notice] 1#1: signal 17 (SIGCHLD) received from 22
2022/12/09 09:23:11 [notice] 1#1: worker process 21 exited with code 0
2022/12/09 09:23:11 [notice] 1#1: worker process 22 exited with code 0
2022/12/09 09:23:11 [notice] 1#1: worker process 23 exited with code 0
2022/12/09 09:23:11 [notice] 1#1: worker process 24 exited with code 0
2022/12/09 09:23:11 [notice] 1#1: signal 29 (SIGIO) received
2022/12/09 09:23:11 [notice] 1#1: signal 17 (SIGCHLD) received from 23
2022/12/09 09:23:11 [notice] 1#1: signal 17 (SIGCHLD) received from 20
2022/12/09 09:23:11 [notice] 1#1: worker process 20 exited with code 0
2022/12/09 09:23:11 [notice] 1#1: signal 29 (SIGIO) received
2022/12/09 09:23:11 [notice] 1#1: signal 17 (SIGCHLD) received from 25
2022/12/09 09:23:11 [notice] 1#1: worker process 25 exited with code 0
2022/12/09 09:23:11 [notice] 1#1: exit
2022/12/09 09:23:14 [notice] 1#1: using the "epoll" event method
2022/12/09 09:23:14 [notice] 1#1: nginx/1.23.2
2022/12/09 09:23:14 [notice] 1#1: built by gcc 10.2.1 20210110 (Debian 10.2.1-6) 
2022/12/09 09:23:14 [notice] 1#1: OS: Linux 5.10.16.3-microsoft-standard-WSL2
2022/12/09 09:23:14 [notice] 1#1: getrlimit(RLIMIT_NOFILE): 1048576:1048576
2022/12/09 09:23:14 [notice] 1#1: start worker processes
2022/12/09 09:23:14 [notice] 1#1: start worker process 20
2022/12/09 09:23:14 [notice] 1#1: start worker process 21
2022/12/09 09:23:14 [notice] 1#1: start worker process 22
2022/12/09 09:23:14 [notice] 1#1: start worker process 23
2022/12/09 09:23:14 [notice] 1#1: start worker process 24
2022/12/09 09:23:14 [notice] 1#1: start worker process 25
2022/12/09 09:30:37 [notice] 1#1: signal 3 (SIGQUIT) received, shutting down
2022/12/09 09:30:37 [notice] 20#20: gracefully shutting down
2022/12/09 09:30:37 [notice] 21#21: gracefully shutting down
2022/12/09 09:30:37 [notice] 21#21: exiting
2022/12/09 09:30:37 [notice] 23#23: gracefully shutting down
2022/12/09 09:30:37 [notice] 25#25: gracefully shutting down
2022/12/09 09:30:37 [notice] 22#22: gracefully shutting down
2022/12/09 09:30:37 [notice] 24#24: gracefully shutting down
2022/12/09 09:30:37 [notice] 20#20: exiting
2022/12/09 09:30:37 [notice] 21#21: exit
2022/12/09 09:30:37 [notice] 23#23: exiting
2022/12/09 09:30:37 [notice] 25#25: exiting
2022/12/09 09:30:37 [notice] 22#22: exiting
2022/12/09 09:30:37 [notice] 24#24: exiting
2022/12/09 09:30:37 [notice] 20#20: exit
2022/12/09 09:30:37 [notice] 23#23: exit
2022/12/09 09:30:37 [notice] 25#25: exit
2022/12/09 09:30:37 [notice] 22#22: exit
2022/12/09 09:30:37 [notice] 24#24: exit
2022/12/09 09:30:37 [notice] 1#1: signal 17 (SIGCHLD) received from 21
2022/12/09 09:30:37 [notice] 1#1: worker process 21 exited with code 0
2022/12/09 09:30:37 [notice] 1#1: signal 29 (SIGIO) received
2022/12/09 09:30:37 [notice] 1#1: signal 17 (SIGCHLD) received from 25
2022/12/09 09:30:37 [notice] 1#1: worker process 20 exited with code 0
2022/12/09 09:30:37 [notice] 1#1: worker process 22 exited with code 0
2022/12/09 09:30:37 [notice] 1#1: worker process 23 exited with code 0
2022/12/09 09:30:37 [notice] 1#1: worker process 24 exited with code 0
2022/12/09 09:30:37 [notice] 1#1: worker process 25 exited with code 0
2022/12/09 09:30:37 [notice] 1#1: exit
2022/12/09 09:30:40 [notice] 1#1: using the "epoll" event method
2022/12/09 09:30:40 [notice] 1#1: nginx/1.23.2
2022/12/09 09:30:40 [notice] 1#1: built by gcc 10.2.1 20210110 (Debian 10.2.1-6) 
2022/12/09 09:30:40 [notice] 1#1: OS: Linux 5.10.16.3-microsoft-standard-WSL2
2022/12/09 09:30:40 [notice] 1#1: getrlimit(RLIMIT_NOFILE): 1048576:1048576
2022/12/09 09:30:40 [notice] 1#1: start worker processes
2022/12/09 09:30:40 [notice] 1#1: start worker process 20
2022/12/09 09:30:40 [notice] 1#1: start worker process 21
2022/12/09 09:30:40 [notice] 1#1: start worker process 22
2022/12/09 09:30:40 [notice] 1#1: start worker process 23
2022/12/09 09:30:40 [notice] 1#1: start worker process 24
2022/12/09 09:30:40 [notice] 1#1: start worker process 25
2022/12/09 09:31:55 [notice] 1#1: signal 3 (SIGQUIT) received, shutting down
2022/12/09 09:31:55 [notice] 20#20: gracefully shutting down
2022/12/09 09:31:55 [notice] 21#21: gracefully shutting down
2022/12/09 09:31:55 [notice] 22#22: gracefully shutting down
2022/12/09 09:31:55 [notice] 24#24: gracefully shutting down
2022/12/09 09:31:55 [notice] 23#23: gracefully shutting down
2022/12/09 09:31:55 [notice] 25#25: gracefully shutting down
2022/12/09 09:31:55 [notice] 20#20: exiting
2022/12/09 09:31:55 [notice] 21#21: exiting
2022/12/09 09:31:55 [notice] 22#22: exiting
2022/12/09 09:31:55 [notice] 24#24: exiting
2022/12/09 09:31:55 [notice] 23#23: exiting
2022/12/09 09:31:55 [notice] 25#25: exiting
2022/12/09 09:31:55 [notice] 20#20: exit
2022/12/09 09:31:55 [notice] 21#21: exit
2022/12/09 09:31:55 [notice] 22#22: exit
2022/12/09 09:31:55 [notice] 24#24: exit
2022/12/09 09:31:55 [notice] 23#23: exit
2022/12/09 09:31:55 [notice] 25#25: exit
2022/12/09 09:31:56 [notice] 1#1: signal 17 (SIGCHLD) received from 25
2022/12/09 09:31:56 [notice] 1#1: worker process 20 exited with code 0
2022/12/09 09:31:56 [notice] 1#1: worker process 21 exited with code 0
2022/12/09 09:31:56 [notice] 1#1: worker process 22 exited with code 0
2022/12/09 09:31:56 [notice] 1#1: worker process 23 exited with code 0
2022/12/09 09:31:56 [notice] 1#1: worker process 24 exited with code 0
2022/12/09 09:31:56 [notice] 1#1: worker process 25 exited with code 0
2022/12/09 09:31:56 [notice] 1#1: exit
2022/12/09 09:31:59 [notice] 1#1: using the "epoll" event method
2022/12/09 09:31:59 [notice] 1#1: nginx/1.23.2
2022/12/09 09:31:59 [notice] 1#1: built by gcc 10.2.1 20210110 (Debian 10.2.1-6) 
2022/12/09 09:31:59 [notice] 1#1: OS: Linux 5.10.16.3-microsoft-standard-WSL2
2022/12/09 09:31:59 [notice] 1#1: getrlimit(RLIMIT_NOFILE): 1048576:1048576
2022/12/09 09:31:59 [notice] 1#1: start worker processes
2022/12/09 09:31:59 [notice] 1#1: start worker process 20
2022/12/09 09:31:59 [notice] 1#1: start worker process 21
2022/12/09 09:31:59 [notice] 1#1: start worker process 22
2022/12/09 09:31:59 [notice] 1#1: start worker process 23
2022/12/09 09:31:59 [notice] 1#1: start worker process 24
2022/12/09 09:31:59 [notice] 1#1: start worker process 25
2022/12/09 09:37:58 [notice] 1#1: signal 3 (SIGQUIT) received, shutting down
2022/12/09 09:37:58 [notice] 20#20: gracefully shutting down
2022/12/09 09:37:58 [notice] 22#22: gracefully shutting down
2022/12/09 09:37:58 [notice] 21#21: gracefully shutting down
2022/12/09 09:37:58 [notice] 23#23: gracefully shutting down
2022/12/09 09:37:58 [notice] 24#24: gracefully shutting down
2022/12/09 09:37:58 [notice] 25#25: gracefully shutting down
2022/12/09 09:37:58 [notice] 20#20: exiting
2022/12/09 09:37:58 [notice] 22#22: exiting
2022/12/09 09:37:58 [notice] 21#21: exiting
2022/12/09 09:37:58 [notice] 23#23: exiting
2022/12/09 09:37:58 [notice] 24#24: exiting
2022/12/09 09:37:58 [notice] 25#25: exiting
2022/12/09 09:37:58 [notice] 20#20: exit
2022/12/09 09:37:58 [notice] 22#22: exit
2022/12/09 09:37:58 [notice] 21#21: exit
2022/12/09 09:37:58 [notice] 23#23: exit
2022/12/09 09:37:58 [notice] 24#24: exit
2022/12/09 09:37:58 [notice] 25#25: exit
2022/12/09 09:37:58 [notice] 1#1: signal 17 (SIGCHLD) received from 21
2022/12/09 09:37:58 [notice] 1#1: worker process 21 exited with code 0
2022/12/09 09:37:58 [notice] 1#1: signal 29 (SIGIO) received
2022/12/09 09:37:58 [notice] 1#1: signal 17 (SIGCHLD) received from 25
2022/12/09 09:37:58 [notice] 1#1: worker process 20 exited with code 0
2022/12/09 09:37:58 [notice] 1#1: worker process 23 exited with code 0
2022/12/09 09:37:58 [notice] 1#1: worker process 25 exited with code 0
2022/12/09 09:37:58 [notice] 1#1: signal 29 (SIGIO) received
2022/12/09 09:37:58 [notice] 1#1: signal 17 (SIGCHLD) received from 23
2022/12/09 09:37:58 [notice] 1#1: signal 17 (SIGCHLD) received from 22
2022/12/09 09:37:58 [notice] 1#1: worker process 22 exited with code 0
2022/12/09 09:37:58 [notice] 1#1: worker process 24 exited with code 0
2022/12/09 09:37:58 [notice] 1#1: exit
2022/12/09 10:53:05 [notice] 1#1: using the "epoll" event method
2022/12/09 10:53:05 [notice] 1#1: nginx/1.23.2
2022/12/09 10:53:05 [notice] 1#1: built by gcc 10.2.1 20210110 (Debian 10.2.1-6) 
2022/12/09 10:53:05 [notice] 1#1: OS: Linux 5.10.16.3-microsoft-standard-WSL2
2022/12/09 10:53:05 [notice] 1#1: getrlimit(RLIMIT_NOFILE): 1048576:1048576
2022/12/09 10:53:05 [notice] 1#1: start worker processes
2022/12/09 10:53:05 [notice] 1#1: start worker process 20
2022/12/09 10:53:05 [notice] 1#1: start worker process 21
2022/12/09 10:53:05 [notice] 1#1: start worker process 22
2022/12/09 10:53:05 [notice] 1#1: start worker process 23
2022/12/09 10:53:05 [notice] 1#1: start worker process 24
2022/12/09 10:53:05 [notice] 1#1: start worker process 25
2022/12/09 10:53:29 [notice] 1#1: signal 3 (SIGQUIT) received, shutting down
2022/12/09 10:53:29 [notice] 20#20: gracefully shutting down
2022/12/09 10:53:29 [notice] 21#21: gracefully shutting down
2022/12/09 10:53:29 [notice] 25#25: gracefully shutting down
2022/12/09 10:53:29 [notice] 22#22: gracefully shutting down
2022/12/09 10:53:29 [notice] 23#23: gracefully shutting down
2022/12/09 10:53:29 [notice] 24#24: gracefully shutting down
2022/12/09 10:53:29 [notice] 20#20: exiting
2022/12/09 10:53:29 [notice] 21#21: exiting
2022/12/09 10:53:29 [notice] 25#25: exiting
2022/12/09 10:53:29 [notice] 22#22: exiting
2022/12/09 10:53:29 [notice] 23#23: exiting
2022/12/09 10:53:29 [notice] 24#24: exiting
2022/12/09 10:53:29 [notice] 20#20: exit
2022/12/09 10:53:29 [notice] 21#21: exit
2022/12/09 10:53:29 [notice] 25#25: exit
2022/12/09 10:53:29 [notice] 22#22: exit
2022/12/09 10:53:29 [notice] 23#23: exit
2022/12/09 10:53:29 [notice] 24#24: exit
2022/12/09 10:53:29 [notice] 1#1: signal 17 (SIGCHLD) received from 25
2022/12/09 10:53:29 [notice] 1#1: worker process 20 exited with code 0
2022/12/09 10:53:29 [notice] 1#1: worker process 24 exited with code 0
2022/12/09 10:53:29 [notice] 1#1: worker process 25 exited with code 0
2022/12/09 10:53:29 [notice] 1#1: signal 29 (SIGIO) received
2022/12/09 10:53:29 [notice] 1#1: signal 17 (SIGCHLD) received from 24
2022/12/09 10:53:29 [notice] 1#1: signal 17 (SIGCHLD) received from 22
2022/12/09 10:53:29 [notice] 1#1: worker process 22 exited with code 0
2022/12/09 10:53:29 [notice] 1#1: signal 29 (SIGIO) received
2022/12/09 10:53:29 [notice] 1#1: signal 17 (SIGCHLD) received from 23
2022/12/09 10:53:29 [notice] 1#1: worker process 21 exited with code 0
2022/12/09 10:53:29 [notice] 1#1: worker process 23 exited with code 0
2022/12/09 10:53:29 [notice] 1#1: exit
2022/12/09 12:09:43 [emerg] 1#1: host not found in upstream "open-movie-data-base" in /etc/nginx/conf.d/web.conf:15
2022/12/09 12:12:51 [emerg] 1#1: host not found in upstream "open-movie-data-base" in /etc/nginx/conf.d/web.conf:15
2022/12/09 12:13:08 [emerg] 1#1: host not found in upstream "open-movie-data-base" in /etc/nginx/conf.d/web.conf:15
2022/12/09 12:29:28 [emerg] 1#1: host not found in upstream "open-movie-data-base" in /etc/nginx/conf.d/web.conf:15
2022/12/09 12:38:06 [emerg] 1#1: host not found in upstream "open-movie-data-base" in /etc/nginx/conf.d/web.conf:15
2022/12/09 12:39:59 [emerg] 1#1: host not found in upstream "open-movie-data-base" in /etc/nginx/conf.d/web.conf:15
2022/12/09 12:40:22 [emerg] 1#1: host not found in upstream "open-movie-data-base" in /etc/nginx/conf.d/web.conf:15
2022/12/09 12:41:07 [emerg] 1#1: host not found in upstream "open-movie-data-base" in /etc/nginx/conf.d/web.conf:15
2022/12/09 12:44:01 [emerg] 1#1: unexpected end of file, expecting "}" in /etc/nginx/conf.d/web.conf:23
2022/12/09 12:44:09 [emerg] 1#1: unexpected end of file, expecting "}" in /etc/nginx/conf.d/web.conf:23
2022/12/09 12:44:28 [notice] 1#1: using the "epoll" event method
2022/12/09 12:44:28 [notice] 1#1: nginx/1.23.2
2022/12/09 12:44:28 [notice] 1#1: built by gcc 10.2.1 20210110 (Debian 10.2.1-6) 
2022/12/09 12:44:28 [notice] 1#1: OS: Linux 5.10.16.3-microsoft-standard-WSL2
2022/12/09 12:44:28 [notice] 1#1: getrlimit(RLIMIT_NOFILE): 1048576:1048576
2022/12/09 12:44:28 [notice] 1#1: start worker processes
2022/12/09 12:44:28 [notice] 1#1: start worker process 20
2022/12/09 12:44:28 [notice] 1#1: start worker process 21
2022/12/09 12:44:28 [notice] 1#1: start worker process 22
2022/12/09 12:44:28 [notice] 1#1: start worker process 23
2022/12/09 12:44:28 [notice] 1#1: start worker process 24
2022/12/09 12:44:28 [notice] 1#1: start worker process 25
2022/12/09 12:44:47 [notice] 1#1: signal 3 (SIGQUIT) received, shutting down
2022/12/09 12:44:47 [notice] 20#20: gracefully shutting down
2022/12/09 12:44:47 [notice] 21#21: gracefully shutting down
2022/12/09 12:44:47 [notice] 22#22: gracefully shutting down
2022/12/09 12:44:47 [notice] 22#22: exiting
2022/12/09 12:44:47 [notice] 23#23: gracefully shutting down
2022/12/09 12:44:47 [notice] 24#24: gracefully shutting down
2022/12/09 12:44:47 [notice] 25#25: gracefully shutting down
2022/12/09 12:44:47 [notice] 20#20: exiting
2022/12/09 12:44:47 [notice] 21#21: exiting
2022/12/09 12:44:47 [notice] 22#22: exit
2022/12/09 12:44:47 [notice] 23#23: exiting
2022/12/09 12:44:47 [notice] 24#24: exiting
2022/12/09 12:44:47 [notice] 25#25: exiting
2022/12/09 12:44:47 [notice] 20#20: exit
2022/12/09 12:44:47 [notice] 21#21: exit
2022/12/09 12:44:47 [notice] 23#23: exit
2022/12/09 12:44:47 [notice] 24#24: exit
2022/12/09 12:44:47 [notice] 25#25: exit
2022/12/09 12:44:47 [notice] 1#1: signal 17 (SIGCHLD) received from 20
2022/12/09 12:44:47 [notice] 1#1: worker process 20 exited with code 0
2022/12/09 12:44:47 [notice] 1#1: worker process 24 exited with code 0
2022/12/09 12:44:47 [notice] 1#1: signal 29 (SIGIO) received
2022/12/09 12:44:47 [notice] 1#1: signal 17 (SIGCHLD) received from 24
2022/12/09 12:44:47 [notice] 1#1: signal 17 (SIGCHLD) received from 25
2022/12/09 12:44:47 [notice] 1#1: worker process 25 exited with code 0
2022/12/09 12:44:47 [notice] 1#1: signal 29 (SIGIO) received
2022/12/09 12:44:47 [notice] 1#1: signal 17 (SIGCHLD) received from 22
2022/12/09 12:44:47 [notice] 1#1: worker process 21 exited with code 0
2022/12/09 12:44:47 [notice] 1#1: worker process 22 exited with code 0
2022/12/09 12:44:47 [notice] 1#1: worker process 23 exited with code 0
2022/12/09 12:44:47 [notice] 1#1: exit
2022/12/09 12:45:10 [notice] 1#1: using the "epoll" event method
2022/12/09 12:45:10 [notice] 1#1: nginx/1.23.2
2022/12/09 12:45:10 [notice] 1#1: built by gcc 10.2.1 20210110 (Debian 10.2.1-6) 
2022/12/09 12:45:10 [notice] 1#1: OS: Linux 5.10.16.3-microsoft-standard-WSL2
2022/12/09 12:45:10 [notice] 1#1: getrlimit(RLIMIT_NOFILE): 1048576:1048576
2022/12/09 12:45:10 [notice] 1#1: start worker processes
2022/12/09 12:45:10 [notice] 1#1: start worker process 20
2022/12/09 12:45:10 [notice] 1#1: start worker process 21
2022/12/09 12:45:10 [notice] 1#1: start worker process 22
2022/12/09 12:45:10 [notice] 1#1: start worker process 23
2022/12/09 12:45:10 [notice] 1#1: start worker process 24
2022/12/09 12:45:10 [notice] 1#1: start worker process 25
2022/12/09 12:47:33 [notice] 1#1: signal 3 (SIGQUIT) received, shutting down
2022/12/09 12:47:33 [notice] 20#20: gracefully shutting down
2022/12/09 12:47:33 [notice] 21#21: gracefully shutting down
2022/12/09 12:47:33 [notice] 22#22: gracefully shutting down
2022/12/09 12:47:33 [notice] 22#22: exiting
2022/12/09 12:47:33 [notice] 23#23: gracefully shutting down
2022/12/09 12:47:33 [notice] 24#24: gracefully shutting down
2022/12/09 12:47:33 [notice] 25#25: gracefully shutting down
2022/12/09 12:47:33 [notice] 20#20: exiting
2022/12/09 12:47:33 [notice] 21#21: exiting
2022/12/09 12:47:33 [notice] 22#22: exit
2022/12/09 12:47:33 [notice] 23#23: exiting
2022/12/09 12:47:33 [notice] 24#24: exiting
2022/12/09 12:47:33 [notice] 25#25: exiting
2022/12/09 12:47:33 [notice] 20#20: exit
2022/12/09 12:47:33 [notice] 21#21: exit
2022/12/09 12:47:33 [notice] 23#23: exit
2022/12/09 12:47:33 [notice] 24#24: exit
2022/12/09 12:47:33 [notice] 25#25: exit
2022/12/09 12:47:33 [notice] 1#1: signal 17 (SIGCHLD) received from 24
2022/12/09 12:47:33 [notice] 1#1: worker process 20 exited with code 0
2022/12/09 12:47:33 [notice] 1#1: worker process 22 exited with code 0
2022/12/09 12:47:33 [notice] 1#1: worker process 23 exited with code 0
2022/12/09 12:47:33 [notice] 1#1: worker process 24 exited with code 0
2022/12/09 12:47:33 [notice] 1#1: signal 29 (SIGIO) received
2022/12/09 12:47:33 [notice] 1#1: signal 17 (SIGCHLD) received from 23
2022/12/09 12:47:33 [notice] 1#1: signal 17 (SIGCHLD) received from 21
2022/12/09 12:47:33 [notice] 1#1: worker process 21 exited with code 0
2022/12/09 12:47:33 [notice] 1#1: worker process 25 exited with code 0
2022/12/09 12:47:33 [notice] 1#1: exit
2022/12/09 12:47:43 [emerg] 1#1: host not found in upstream "open-movie-data-base" in /etc/nginx/conf.d/web.conf:15
2022/12/09 12:48:37 [notice] 1#1: using the "epoll" event method
2022/12/09 12:48:37 [notice] 1#1: nginx/1.23.2
2022/12/09 12:48:37 [notice] 1#1: built by gcc 10.2.1 20210110 (Debian 10.2.1-6) 
2022/12/09 12:48:37 [notice] 1#1: OS: Linux 5.10.16.3-microsoft-standard-WSL2
2022/12/09 12:48:37 [notice] 1#1: getrlimit(RLIMIT_NOFILE): 1048576:1048576
2022/12/09 12:48:37 [notice] 1#1: start worker processes
2022/12/09 12:48:37 [notice] 1#1: start worker process 20
2022/12/09 12:48:37 [notice] 1#1: start worker process 21
2022/12/09 12:48:37 [notice] 1#1: start worker process 22
2022/12/09 12:48:37 [notice] 1#1: start worker process 23
2022/12/09 12:48:37 [notice] 1#1: start worker process 24
2022/12/09 12:48:37 [notice] 1#1: start worker process 25
2022/12/09 12:50:25 [notice] 1#1: signal 3 (SIGQUIT) received, shutting down
2022/12/09 12:50:25 [notice] 20#20: gracefully shutting down
2022/12/09 12:50:25 [notice] 20#20: exiting
2022/12/09 12:50:25 [notice] 21#21: gracefully shutting down
2022/12/09 12:50:25 [notice] 22#22: gracefully shutting down
2022/12/09 12:50:25 [notice] 23#23: gracefully shutting down
2022/12/09 12:50:25 [notice] 24#24: gracefully shutting down
2022/12/09 12:50:25 [notice] 25#25: gracefully shutting down
2022/12/09 12:50:25 [notice] 20#20: exit
2022/12/09 12:50:25 [notice] 21#21: exiting
2022/12/09 12:50:25 [notice] 22#22: exiting
2022/12/09 12:50:25 [notice] 23#23: exiting
2022/12/09 12:50:25 [notice] 24#24: exiting
2022/12/09 12:50:25 [notice] 25#25: exiting
2022/12/09 12:50:25 [notice] 21#21: exit
2022/12/09 12:50:25 [notice] 22#22: exit
2022/12/09 12:50:25 [notice] 23#23: exit
2022/12/09 12:50:25 [notice] 24#24: exit
2022/12/09 12:50:25 [notice] 25#25: exit
2022/12/09 12:50:25 [notice] 1#1: signal 17 (SIGCHLD) received from 25
2022/12/09 12:50:25 [notice] 1#1: worker process 22 exited with code 0
2022/12/09 12:50:25 [notice] 1#1: worker process 23 exited with code 0
2022/12/09 12:50:25 [notice] 1#1: worker process 25 exited with code 0
2022/12/09 12:50:25 [notice] 1#1: signal 29 (SIGIO) received
2022/12/09 12:50:25 [notice] 1#1: signal 17 (SIGCHLD) received from 22
2022/12/09 12:50:25 [notice] 1#1: signal 17 (SIGCHLD) received from 20
2022/12/09 12:50:25 [notice] 1#1: worker process 20 exited with code 0
2022/12/09 12:50:25 [notice] 1#1: worker process 21 exited with code 0
2022/12/09 12:50:25 [notice] 1#1: signal 29 (SIGIO) received
2022/12/09 12:50:25 [notice] 1#1: signal 17 (SIGCHLD) received from 24
2022/12/09 12:50:25 [notice] 1#1: worker process 24 exited with code 0
2022/12/09 12:50:25 [notice] 1#1: exit
